"../../../../../Users/Choco/Documents/CSUCI/Capstone/CB/CBUE/server/ProjectCBServer/Content/PlayerBP/PrototypeGhostModel/GhostSkeletal/FaceMaterial.uasset" 0
"../../../../../Users/Choco/Documents/CSUCI/Capstone/CB/CBUE/server/ProjectCBServer/Content/PlayerBP/PrototypeGhostModel/GhostSkeletal/GhostMaterial.uasset" 1
"../../../../../Users/Choco/Documents/CSUCI/Capstone/CB/CBUE/server/ProjectCBServer/Content/PlayerBP/PrototypeGhostModel/GhostSkeletal/GhostPrototypeModel_GhostPrototypeModel_PhysicsAsset.uasset" 2
"../../../../../Users/Choco/Documents/CSUCI/Capstone/CB/CBUE/server/ProjectCBServer/Content/PlayerBP/PrototypeGhostModel/GhostSkeletal/GhostPrototypeModel_GhostPrototypeModel_Skeleton.uasset" 3
"../../../../../Users/Choco/Documents/CSUCI/Capstone/CB/CBUE/server/ProjectCBServer/Content/PlayerBP/PrototypeGhostModel/GhostSkeletal/GhostPrototypeModel_UCX_GhostPrototypeModel_PhysicsAsset.uasset" 4
"../../../../../Users/Choco/Documents/CSUCI/Capstone/CB/CBUE/server/ProjectCBServer/Content/PlayerBP/PrototypeGhostModel/GhostSkeletal/GhostPrototypeModel_UCX_GhostPrototypeModel_Skeleton.uasset" 5
"../../../../../Users/Choco/Documents/CSUCI/Capstone/CB/CBUE/server/ProjectCBServer/Content/PlayerBP/PrototypeGhostModel/GhostSkeletal/GhostPrototypeModel.uasset" 6
"../../../../../Users/Choco/Documents/CSUCI/Capstone/CB/CBUE/server/ProjectCBServer/Content/PlayerBP/PrototypeSkeletalModel/Character1Material.uasset" 7
"../../../../../Users/Choco/Documents/CSUCI/Capstone/CB/CBUE/server/ProjectCBServer/Content/PlayerBP/PrototypeSkeletalModel/EyeMaterial.uasset" 8
"../../../../../Users/Choco/Documents/CSUCI/Capstone/CB/CBUE/server/ProjectCBServer/Content/PlayerBP/PrototypeSkeletalModel/HeadbandMat.uasset" 9
"../../../../../Users/Choco/Documents/CSUCI/Capstone/CB/CBUE/server/ProjectCBServer/Content/PlayerBP/PrototypeSkeletalModel/PupilMaterial.uasset" 10
"../../../../../Users/Choco/Documents/CSUCI/Capstone/CB/CBUE/server/ProjectCBServer/Content/PlayerBP/PrototypeSkeletalModel/Character1Asset_PhysicsAsset.uasset" 11
"../../../../../Users/Choco/Documents/CSUCI/Capstone/CB/CBUE/server/ProjectCBServer/Content/PlayerBP/PrototypeSkeletalModel/Character1Asset_Skeleton.uasset" 12
"../../../../../Users/Choco/Documents/CSUCI/Capstone/CB/CBUE/server/ProjectCBServer/Content/PlayerBP/PrototypeSkeletalModel/Character1Asset.uasset" 13
"../../../../../Users/Choco/Documents/CSUCI/Capstone/CB/CBUE/server/ProjectCBServer/Content/UIBP/Widgets/MainMenuGraphics/Righteous-Regular.uasset" 14
"../../../../../Users/Choco/Documents/CSUCI/Capstone/CB/CBUE/server/ProjectCBServer/Content/UIBP/Widgets/MainMenuGraphics/Righteous-Regular_Font.uasset" 15
"../../../../../Users/Choco/Documents/CSUCI/Capstone/CB/CBUE/server/ProjectCBServer/Content/UIBP/Widgets/MainMenuGraphics/CBLOGO_Menu.uasset" 16
"../../../../../Users/Choco/Documents/CSUCI/Capstone/CB/CBUE/server/ProjectCBServer/Content/UIBP/Widgets/MainMenu.uasset" 17
"../../../../../Users/Choco/Documents/CSUCI/Capstone/CB/CBUE/server/ProjectCBServer/Content/UIBP/Ball.uasset" 18
"../../../../../Users/Choco/Documents/CSUCI/Capstone/CB/CBUE/server/ProjectCBServer/Content/UIBP/Head.uasset" 19
"../../../../../Users/Choco/Documents/CSUCI/Capstone/CB/CBUE/server/ProjectCBServer/Content/UIBP/Widgets/PlayerUI.uasset" 20
"../../../Engine/Content/Animation/DefaultAnimCurveCompressionSettings.uasset" 21
"../../../Engine/Content/Functions/Engine_MaterialFunctions01/Opacity/CameraDepthFade.uasset" 22
"../../../Engine/Content/EngineMaterials/T_Default_Material_Grid_M.uasset" 23
"../../../Engine/Content/EngineMaterials/T_Default_Material_Grid_N.uasset" 24
"../../../Engine/Content/EngineMaterials/WorldGridMaterial.uasset" 25
"../../../Engine/Content/ArtTools/RenderToTexture/Meshes/S_1_Unit_Plane.uasset" 26
"../../../Engine/Content/EngineMaterials/DefaultMaterial.uasset" 27
"../../../Engine/Content/BasicShapes/Cone.uasset" 28
"../../../Engine/Content/BasicShapes/Cube.uasset" 29
"../../../Engine/Content/BasicShapes/Cylinder.uasset" 30
"../../../Engine/Content/BasicShapes/Plane.uasset" 31
"../../../Engine/Content/BasicShapes/Sphere.uasset" 32
"../../../Engine/Content/EditorLandscapeResources/DataLayer.uasset" 33
"../../../Engine/Content/EditorMaterials/MAT_Groups_Toggle.uasset" 34
"../../../Engine/Content/EditorMaterials/MAT_Groups_Visibility.uasset" 35
"../../../Engine/Content/EditorMaterials/PreviewShadowIndicator.uasset" 36
"../../../Engine/Content/EditorMaterials/PreviewShadowIndicatorMaterial.uasset" 37
"../../../Engine/Content/EditorMaterials/MatineeGroups/MAT_ColorTrack.uasset" 38
"../../../Engine/Content/EditorMaterials/MatineeGroups/MAT_Groups_Anim.uasset" 39
"../../../Engine/Content/EditorMaterials/MatineeGroups/MAT_Groups_AudioMaster.uasset" 40
"../../../Engine/Content/EditorMaterials/MatineeGroups/MAT_Groups_Director.uasset" 41
"../../../Engine/Content/EditorMaterials/MatineeGroups/MAT_Groups_Event.uasset" 42
"../../../Engine/Content/EditorMaterials/MatineeGroups/MAT_Groups_Fade.uasset" 43
"../../../Engine/Content/EditorMaterials/MatineeGroups/MAT_Groups_Float.uasset" 44
"../../../Engine/Content/EditorMaterials/MatineeGroups/MAT_Groups_Move.uasset" 45
"../../../Engine/Content/EditorMaterials/MatineeGroups/MAT_Groups_Slomo.uasset" 46
"../../../Engine/Content/EditorMaterials/MatineeGroups/MAT_Groups_Sound.uasset" 47
"../../../Engine/Content/EditorMaterials/MatineeGroups/MAT_Groups_Vector.uasset" 48
"../../../Engine/Content/EditorMaterials/ParticleSystems/PSysThumbnail_NoImage.uasset" 49
"../../../Engine/Content/EditorMaterials/ParticleSystems/PSysThumbnail_OOD.uasset" 50
"../../../Engine/Content/EditorMaterials/Camera/CineMat.uasset" 51
"../../../Engine/Content/EditorMaterials/Camera/MI_CineMat_Rig.uasset" 52
"../../../Engine/Content/EditorMeshes/Camera/SM_CraneRig_Arm.uasset" 53
"../../../Engine/Content/EditorMeshes/Camera/SM_CraneRig_Base.uasset" 54
"../../../Engine/Content/EditorMeshes/Camera/SM_CraneRig_Body.uasset" 55
"../../../Engine/Content/EditorMeshes/Camera/SM_CraneRig_Mount.uasset" 56
"../../../Engine/Content/EditorMeshes/Camera/SM_RailRig_Mount.uasset" 57
"../../../Engine/Content/EditorMeshes/Camera/SM_RailRig_Track.uasset" 58
"../../../Engine/Content/EditorResources/BSPVertex.uasset" 59
"../../../Engine/Content/EditorResources/EmptyActor.uasset" 60
"../../../Engine/Content/EditorResources/S_Actor.uasset" 61
"../../../Engine/Content/EditorResources/S_Note.uasset" 62
"../../../Engine/Content/EditorResources/S_Solver.uasset" 63
"../../../Engine/Content/EditorResources/S_Trigger.uasset" 64
"../../../Engine/Content/EditorResources/LightIcons/S_LightError.uasset" 65
"../../../Engine/Content/EditorResources/SequenceRecorder/Countdown.uasset" 66
"../../../Engine/Content/EditorResources/SequenceRecorder/RecordingIndicator.uasset" 67
"../../../Engine/Content/EditorSounds/Notifications/CompileFailed.uasset" 68
"../../../Engine/Content/EditorSounds/Notifications/CompileFailed_Cue.uasset" 69
"../../../Engine/Content/EditorSounds/Notifications/CompileSuccess.uasset" 70
"../../../Engine/Content/EditorSounds/Notifications/CompileStart_Cue.uasset" 71
"../../../Engine/Content/EditorSounds/Notifications/CompileSuccess_Cue.uasset" 72
"../../../Engine/Content/EngineDamageTypes/DmgTypeBP_Environmental.uasset" 73
"../../../Engine/Content/EngineDebugMaterials/DebugEditorMaterial.uasset" 74
"../../../Engine/Content/EngineDebugMaterials/DebugMeshMaterial.uasset" 75
"../../../Engine/Content/EngineDebugMaterials/M_SimpleUnlitTranslucent.uasset" 76
"../../../Engine/Content/Functions/Engine_MaterialFunctions02/Utility/CameraDirectionVector.uasset" 77
"../../../Engine/Content/EngineDebugMaterials/VolumeToRender.uasset" 78
"../../../Engine/Content/EngineDebugMaterials/M_VolumeRenderSphereTracePP.uasset" 79
"../../../Engine/Content/EngineDebugMaterials/WireframeMaterial.uasset" 80
"../../../Engine/Content/EngineFonts/Faces/DroidSansFallback.uasset" 81
"../../../Engine/Content/EngineFonts/Faces/RobotoBold.uasset" 82
"../../../Engine/Content/EngineFonts/Faces/RobotoBoldItalic.uasset" 83
"../../../Engine/Content/EngineFonts/Faces/RobotoItalic.uasset" 84
"../../../Engine/Content/EngineFonts/Faces/RobotoLight.uasset" 85
"../../../Engine/Content/EngineFonts/Faces/RobotoRegular.uasset" 86
"../../../Engine/Content/EngineFonts/Roboto.uasset" 87
"../../../Engine/Content/EngineMaterials/BaseFlattenDiffuseMap.uasset" 88
"../../../Engine/Content/EngineMaterials/BaseFlattenEmissiveMap.uasset" 89
"../../../Engine/Content/EngineMaterials/BaseFlattenGrayscaleMap.uasset" 90
"../../../Engine/Content/EngineMaterials/BaseFlattenNormalMap.uasset" 91
"../../../Engine/Content/EngineMaterials/BaseFlattenMaterial.uasset" 92
"../../../Engine/Content/EngineMaterials/BlueNoise.uasset" 93
"../../../Engine/Content/EngineMaterials/DefaultBloomKernel.uasset" 94
"../../../Engine/Content/EngineMaterials/DefaultBokeh.uasset" 95
"../../../Engine/Content/EngineMaterials/DefaultDiffuse.uasset" 96
"../../../Engine/Content/EngineMaterials/DefaultDeferredDecalMaterial.uasset" 97
"../../../Engine/Content/EngineMaterials/DefaultLightFunctionMaterial.uasset" 98
"../../../Engine/Content/EngineMaterials/DefaultPhysicalMaterial.uasset" 99
"../../../Engine/Content/Functions/Engine_MaterialFunctions02/Utility/BreakOutFloat2Components.uasset" 100
"../../../Engine/Content/EngineMaterials/DefaultPostProcessMaterial.uasset" 101
"../../../Engine/Content/EngineFonts/RobotoDistanceField.uasset" 102
"../../../Engine/Content/EngineMaterials/DefaultTextMaterialOpaque.uasset" 103
"../../../Engine/Content/EngineMaterials/DefaultWhiteGrid.uasset" 104
"../../../Engine/Content/EngineMaterials/DefaultWhiteGrid_Low.uasset" 105
"../../../Engine/Content/EngineMaterials/EmissiveMeshMaterial.uasset" 106
"../../../Engine/Content/EngineMaterials/GizmoMaterial.uasset" 107
"../../../Engine/Content/EngineMaterials/Good64x64TilingNoiseHighFreq.uasset" 108
"../../../Engine/Content/EngineMaterials/MiniFont.uasset" 109
"../../../Engine/Content/EngineMaterials/InvalidLightmapSettings.uasset" 110
"../../../Engine/Content/EngineMaterials/M_InvalidLightmapSettings.uasset" 111
"../../../Engine/Content/Functions/Engine_MaterialFunctions02/WorldPositionOffset/CameraOffset.uasset" 112
"../../../Engine/Content/EngineMaterials/PhAT_JointLimitMaterial.uasset" 113
"../../../Engine/Content/EngineMaterials/PreintegratedSkinBRDF.uasset" 114
"../../../Engine/Content/EngineMaterials/RemoveSurfaceMaterial.uasset" 115
"../../../Engine/Content/EngineMaterials/WeightMapPlaceholderTexture.uasset" 116
"../../../Engine/Content/EngineResources/WhiteSquareTexture.uasset" 117
"../../../Engine/Content/EngineMaterials/Widget3DPassThrough.uasset" 118
"../../../Engine/Content/EngineMaterials/Widget3DPassThrough_Masked.uasset" 119
"../../../Engine/Content/EngineMaterials/Widget3DPassThrough_Opaque.uasset" 120
"../../../Engine/Content/EngineMaterials/Widget3DPassThrough_Masked_OneSided.uasset" 121
"../../../Engine/Content/EngineMaterials/Widget3DPassThrough_Opaque_OneSided.uasset" 122
"../../../Engine/Content/EngineMaterials/Widget3DPassThrough_Translucent.uasset" 123
"../../../Engine/Content/EngineMaterials/Widget3DPassThrough_Translucent_OneSided.uasset" 124
"../../../Engine/Content/EngineMeshes/Cylinder.uasset" 125
"../../../Engine/Content/EngineMeshes/Sphere.uasset" 126
"../../../Engine/Content/EngineResources/Black.uasset" 127
"../../../Engine/Content/EngineResources/DefaultTexture.uasset" 128
"../../../Engine/Content/EngineResources/DefaultTextureCube.uasset" 129
"../../../Engine/Content/EngineResources/DefaultVolumeTexture2D.uasset" 130
"../../../Engine/Content/EngineResources/DefaultVolumeTexture.uasset" 131
"../../../Engine/Content/EngineResources/GradientTexture0.uasset" 132
"../../../Engine/Content/EngineSounds/Master.uasset" 133
"../../../Engine/Content/Functions/Engine_MaterialFunctions01/Shading/ConvertFromDiffSpec.uasset" 134
"../../../Engine/Content/Functions/Engine_MaterialFunctions01/Shading/PowerToRoughness.uasset" 135
"../../../Engine/Content/Maps/Templates/Thumbnails/Default.uasset" 136
"../../../Engine/Content/Maps/Templates/Thumbnails/TimeOfDay.uasset" 137
"../../../Engine/Content/Maps/Templates/Thumbnails/VR-Basic.uasset" 138
"../../../Engine/Content/MobileResources/T_MobileControls_texture.uasset" 139
"../../../Engine/Content/MobileResources/T_MobileMenu2.uasset" 140
"../../../Engine/Content/MobileResources/HUD/AnalogHat.uasset" 141
"../../../Engine/Content/MobileResources/HUD/VirtualJoystick_Background.uasset" 142
"../../../Engine/Content/MobileResources/HUD/VirtualJoystick_Thumb.uasset" 143
"../../../Engine/Content/MobileResources/HUD/DefaultVirtualJoysticks.uasset" 144
"../../../Engine/Content/MobileResources/HUD/LeftVirtualJoystickOnly.uasset" 145
"../../../Engine/Content/MobileResources/HUD/MobileHUDButton1_off.uasset" 146
"../../../Engine/Content/MobileResources/HUD/MobileHUDButton1_on.uasset" 147
"../../../Engine/Content/MobileResources/HUD/MobileHUDButton2_off.uasset" 148
"../../../Engine/Content/MobileResources/HUD/MobileHUDButton2_on.uasset" 149
"../../../Engine/Content/MobileResources/HUD/MobileHUDButton3.uasset" 150
"../../../Engine/Content/MobileResources/HUD/MobileHUDButtonFire.uasset" 151
"../../../Engine/Content/MobileResources/HUD/MobileHUDDirectionPad.uasset" 152
"../../../Engine/Content/MobileResources/HUD/MobileHUDDirectionPad2.uasset" 153
"../../../Engine/Content/MobileResources/HUD/MobileHUDDirectionPad3.uasset" 154
"../../../Engine/Content/MobileResources/HUD/MobileHUDDirectionStick.uasset" 155
"../../../Engine/Content/MobileResources/HUD/T_Castle_ThumbstickInner.uasset" 156
"../../../Engine/Content/MobileResources/HUD/T_Castle_ThumbstickOutter.uasset" 157
"../../../Engine/Content/Tutorial/ContentIntroCurve.uasset" 158
"../../../Engine/Content/Tutorial/Basics/LevelEditorAttract.uasset" 159
"../../../Engine/Content/VREditor/LaserPointer/VR_LaserPower_01.uasset" 160
"../../../Engine/Content/VREditor/TransformGizmo/TransformGizmoMaterial.uasset" 161
"../../../Engine/Content/VREditor/TransformGizmo/TranslucentTransformGizmoMaterial.uasset" 162
"../../../Engine/Content/VREditor/TransformGizmo/BoundingBoxCorner.uasset" 163
"../../../Engine/Content/VREditor/TransformGizmo/BoundingBoxEdge.uasset" 164
"../../../Engine/Content/VREditor/TransformGizmo/PlaneTranslationHandle.uasset" 165
"../../../Engine/Content/VREditor/TransformGizmo/Main.uasset" 166
"../../../Engine/Content/VREditor/TransformGizmo/Xray.uasset" 167
"../../../Engine/Content/VREditor/TransformGizmo/SM_Sequencer_Key.uasset" 168
"../../../Engine/Content/VREditor/TransformGizmo/SM_Sequencer_Node.uasset" 169
"../../Plugins/2D/Paper2D/Content/PlaceholderTextures/DummySpriteTexture.uasset" 170
"../../Plugins/2D/Paper2D/Content/DummySprite.uasset" 171
"../../Plugins/2D/Paper2D/Content/DefaultPaperTerrainMaterial.uasset" 172
"../../Plugins/2D/Paper2D/Content/DefaultSpriteMaterial.uasset" 173
"../../Plugins/2D/Paper2D/Content/MaskedUnlitSpriteMaterial.uasset" 174
"../../Plugins/2D/Paper2D/Content/OpaqueUnlitSpriteMaterial.uasset" 175
"../../Plugins/FX/Niagara/Content/Enums/ENiagaraBooleanLogicOps.uasset" 176
"../../Plugins/FX/Niagara/Content/Enums/ENiagaraCoordinateSpace.uasset" 177
"../../Plugins/FX/Niagara/Content/Enums/ENiagaraExpansionMode.uasset" 178
"../../Plugins/FX/Niagara/Content/Enums/ENiagaraOrientationAxis.uasset" 179
"../../Plugins/FX/Niagara/Content/Enums/ENiagaraRandomnessMode.uasset" 180
"../../Plugins/Runtime/WebBrowserWidget/Content/WebTexture_T.uasset" 181
"../../Plugins/Runtime/WebBrowserWidget/Content/WebTexture_M.uasset" 182
"../../Plugins/Runtime/WebBrowserWidget/Content/WebTexture_TM.uasset" 183
"../../../../../Users/Choco/Documents/CSUCI/Capstone/CB/CBUE/server/ProjectCBServer/Content/Scenes/MainMenu.umap" 184
"../../../Engine/Content/EditorBlueprintResources/StandardMacros.uasset" 185
"../../../Engine/Content/EngineSky/C_Sky_Cloud_Color.uasset" 186
"../../../Engine/Content/EngineSky/C_Sky_Horizon_Color.uasset" 187
"../../../Engine/Content/EngineSky/C_Sky_Zenith_Color.uasset" 188
"../../../Engine/Content/EngineSky/T_Sky_Blue.uasset" 189
"../../../Engine/Content/EngineSky/T_Sky_Clouds_M.uasset" 190
"../../../Engine/Content/EngineSky/T_Sky_Stars.uasset" 191
"../../../Engine/Content/EngineSky/M_Sky_Panning_Clouds2.uasset" 192
"../../../Engine/Content/EngineSky/SM_SkySphere.uasset" 193
"../../../Engine/Content/EngineSky/BP_Sky_Sphere.uasset" 194
"../../../../../Users/Choco/Documents/CSUCI/Capstone/CB/CBUE/server/ProjectCBServer/Content/StarterContent/Textures/T_Checker_Noise_M.uasset" 195
"../../../../../Users/Choco/Documents/CSUCI/Capstone/CB/CBUE/server/ProjectCBServer/Content/StarterContent/Textures/T_Single_Tile_N.uasset" 196
"../../../../../Users/Choco/Documents/CSUCI/Capstone/CB/CBUE/server/ProjectCBServer/Content/StarterContent/Textures/T_Tech_Dot_M.uasset" 197
"../../../../../Users/Choco/Documents/CSUCI/Capstone/CB/CBUE/server/ProjectCBServer/Content/StarterContent/Materials/M_Dodgeball.uasset" 198
"../../../../../Users/Choco/Documents/CSUCI/Capstone/CB/CBUE/server/ProjectCBServer/Content/StarterContent/Props/MaterialSphere.uasset" 199
"../../../../../Users/Choco/Documents/CSUCI/Capstone/CB/CBUE/server/ProjectCBServer/Content/ObjectBP/BP_CB_DodgeballProjectile.uasset" 200
"../../../../../Users/Choco/Documents/CSUCI/Capstone/CB/CBUE/server/ProjectCBServer/Content/StarterContent/Materials/M_AssetPlatform.uasset" 201
"../../../../../Users/Choco/Documents/CSUCI/Capstone/CB/CBUE/server/ProjectCBServer/Content/StarterContent/Materials/M_FallingBox.uasset" 202
"../../../../../Users/Choco/Documents/CSUCI/Capstone/CB/CBUE/server/ProjectCBServer/Content/ObjectMesh/Grid_Box.uasset" 203
"../../../../../Users/Choco/Documents/CSUCI/Capstone/CB/CBUE/server/ProjectCBServer/Content/WorldBP/BP_CB_GridBox.uasset" 204
"../../../../../Users/Choco/Documents/CSUCI/Capstone/CB/CBUE/server/ProjectCBServer/Content/WorldBP/BP_CB_GridGenerator.uasset" 205
"../../../../../Users/Choco/Documents/CSUCI/Capstone/CB/CBUE/server/ProjectCBServer/Content/Scenes/PlaygroundMap_BuiltData.uasset" 206
"../../../Engine/Content/Functions/Engine_MaterialFunctions02/Math/AddComponents.uasset" 207
"../../../../../Users/Choco/Documents/CSUCI/Capstone/CB/CBUE/server/ProjectCBServer/Content/Materials/M_ToonShader.uasset" 208
"../../../../../Users/Choco/Documents/CSUCI/Capstone/CB/CBUE/server/ProjectCBServer/Content/StarterContent/Materials/M_Clear.uasset" 209
"../../../../../Users/Choco/Documents/CSUCI/Capstone/CB/CBUE/server/ProjectCBServer/Content/ObjectMesh/Goal_Barrier_StaticMesh.uasset" 210
"../../../../../Users/Choco/Documents/CSUCI/Capstone/CB/CBUE/server/ProjectCBServer/Content/StarterContent/Materials/M_Basic_Floor.uasset" 211
"../../../../../Users/Choco/Documents/CSUCI/Capstone/CB/CBUE/server/ProjectCBServer/Content/ObjectMesh/Goal_Floor_StaticMesh.uasset" 212
"../../../../../Users/Choco/Documents/CSUCI/Capstone/CB/CBUE/server/ProjectCBServer/Content/ObjectMesh/Goal_Large_StaticMesh.uasset" 213
"../../../../../Users/Choco/Documents/CSUCI/Capstone/CB/CBUE/server/ProjectCBServer/Content/Scenes/PlaygroundMap.umap" 214
"../../../Engine/Content/Animation/DefaultAnimBoneCompressionSettings.uasset" 215
"../../../../../Users/Choco/Documents/CSUCI/Capstone/CB/CBUE/server/ProjectCBServer/Content/PlayerBP/PrototypeSkeletalModel/Character1Asset_Anim_Character1_Catch.uasset" 216
"../../../../../Users/Choco/Documents/CSUCI/Capstone/CB/CBUE/server/ProjectCBServer/Content/PlayerBP/PrototypeSkeletalModel/Character1Asset_Anim_Character1_Duck.uasset" 217
"../../../../../Users/Choco/Documents/CSUCI/Capstone/CB/CBUE/server/ProjectCBServer/Content/PlayerBP/PrototypeSkeletalModel/Character1Asset_Anim_Character1_Jump.uasset" 218
"../../../../../Users/Choco/Documents/CSUCI/Capstone/CB/CBUE/server/ProjectCBServer/Content/PlayerBP/PrototypeSkeletalModel/Character1Asset_Anim_Character1_Throw.uasset" 219
"../../../../../Users/Choco/Documents/CSUCI/Capstone/CB/CBUE/server/ProjectCBServer/Content/PlayerBP/PrototypeSkeletalModel/Character1Asset_Anim_Character1_Idle.uasset" 220
"../../../../../Users/Choco/Documents/CSUCI/Capstone/CB/CBUE/server/ProjectCBServer/Content/PlayerBP/PrototypeSkeletalModel/Character1Asset_Anim_Character1_Run.uasset" 221
"../../../../../Users/Choco/Documents/CSUCI/Capstone/CB/CBUE/server/ProjectCBServer/Content/PlayerBP/PrototypeSkeletalModel/CharacterIdleRunBlendSpace1D.uasset" 222
"../../../../../Users/Choco/Documents/CSUCI/Capstone/CB/CBUE/server/ProjectCBServer/Content/PlayerBP/PrototypeSkeletalModel/BP_CB_PlayerAnimInstance.uasset" 223
"../../../../../Users/Choco/Documents/CSUCI/Capstone/CB/CBUE/server/ProjectCBServer/Content/PlayerBP/BP_CB_PlayerCharacter.uasset" 224
"../../../../../Users/Choco/Documents/CSUCI/Capstone/CB/CBUE/server/ProjectCBServer/Content/WorldBP/PauseMenu.uasset" 225
"../../../../../Users/Choco/Documents/CSUCI/Capstone/CB/CBUE/server/ProjectCBServer/Content/PlayerBP/BP_CB_PlayerCharacterSingle.uasset" 226
"../../../../../Users/Choco/Documents/CSUCI/Capstone/CB/CBUE/server/ProjectCBServer/Content/Scenes/Practice.umap" 227
